<?xml version="1.0" encoding="UTF-8"?>
<!-- Generated by org.testng.reporters.JUnitReportReporter -->
<testsuite skipped="0" hostname="PAL-BLR-VINU" name="CloudAutomation.LogEnabler.DisableLogs" tests="5" failures="0" timestamp="28 May 2020 11:31:29 GMT" time="8.595" errors="0">
  <testcase name="logEnabler" time="7.974" classname="CloudAutomation.LogEnabler.DisableLogs"/>
  <testcase name="logEnabler" time="0.124" classname="CloudAutomation.LogEnabler.DisableLogs"/>
  <testcase name="logEnabler" time="0.168" classname="CloudAutomation.LogEnabler.DisableLogs"/>
  <testcase name="logEnabler" time="0.115" classname="CloudAutomation.LogEnabler.DisableLogs"/>
  <testcase name="logEnabler" time="0.214" classname="CloudAutomation.LogEnabler.DisableLogs"/>
</testsuite> <!-- CloudAutomation.LogEnabler.DisableLogs -->
