<?xml version="1.0" encoding="UTF-8"?>
<!-- Generated by org.testng.reporters.JUnitReportReporter -->
<testsuite hostname="PAL-BLR-VINU" name="RestAssuredAutomation.RestAssured.GetsProcessGroup" tests="1" failures="0" timestamp="30 Apr 2020 03:53:10 GMT" time="8.733" errors="0">
  <testcase name="getProcessGroup" time="8.733" classname="RestAssuredAutomation.RestAssured.GetsProcessGroup"/>
</testsuite> <!-- RestAssuredAutomation.RestAssured.GetsProcessGroup -->
