<?xml version="1.0" encoding="UTF-8"?>
<!-- Generated by org.testng.reporters.JUnitReportReporter -->
<testsuite skipped="0" hostname="PAL-BLR-VINU" name="CloudAutomation.AgentManager.RegisterAgentForAws" tests="15" failures="0" timestamp="2 Jun 2020 13:06:20 GMT" time="30.671" errors="0">
  <testcase name="registerAgentAws" time="0.255" classname="CloudAutomation.AgentManager.RegisterAgentForAws"/>
  <testcase name="registerAgentAws" time="0.102" classname="CloudAutomation.AgentManager.RegisterAgentForAws"/>
  <testcase name="registerAgentAws" time="0.189" classname="CloudAutomation.AgentManager.RegisterAgentForAws"/>
  <testcase name="registerAgentAws" time="7.185" classname="CloudAutomation.AgentManager.RegisterAgentForAws"/>
  <testcase name="registerAgentAws" time="0.244" classname="CloudAutomation.AgentManager.RegisterAgentForAws"/>
  <testcase name="registerAgentAws" time="0.138" classname="CloudAutomation.AgentManager.RegisterAgentForAws"/>
  <testcase name="registerAgentAws" time="0.156" classname="CloudAutomation.AgentManager.RegisterAgentForAws"/>
  <testcase name="registerAgentAws" time="0.148" classname="CloudAutomation.AgentManager.RegisterAgentForAws"/>
  <testcase name="registerAgentAws" time="0.210" classname="CloudAutomation.AgentManager.RegisterAgentForAws"/>
  <testcase name="registerAgentAws" time="0.107" classname="CloudAutomation.AgentManager.RegisterAgentForAws"/>
  <testcase name="registerAgentAws" time="0.166" classname="CloudAutomation.AgentManager.RegisterAgentForAws"/>
  <testcase name="registerAgentAws" time="0.077" classname="CloudAutomation.AgentManager.RegisterAgentForAws"/>
  <testcase name="registerAgentAws" time="0.105" classname="CloudAutomation.AgentManager.RegisterAgentForAws"/>
  <testcase name="registerAgentAws" time="21.405" classname="CloudAutomation.AgentManager.RegisterAgentForAws"/>
  <testcase name="registerAgentAws" time="0.184" classname="CloudAutomation.AgentManager.RegisterAgentForAws"/>
</testsuite> <!-- CloudAutomation.AgentManager.RegisterAgentForAws -->
