<?xml version="1.0" encoding="UTF-8"?>
<!-- Generated by org.testng.reporters.JUnitReportReporter -->
<testsuite skipped="0" hostname="PAL-BLR-VINU" name="CloudAutomation.AssetMicroservices.GetAssets" tests="14" failures="0" timestamp="2 Jun 2020 02:34:19 GMT" time="10.644" errors="0">
  <testcase name="getAsessts" time="0.191" classname="CloudAutomation.AssetMicroservices.GetAssets"/>
  <testcase name="getAsessts" time="0.318" classname="CloudAutomation.AssetMicroservices.GetAssets"/>
  <testcase name="getAsessts" time="8.685" classname="CloudAutomation.AssetMicroservices.GetAssets"/>
  <testcase name="getAsessts" time="0.100" classname="CloudAutomation.AssetMicroservices.GetAssets"/>
  <testcase name="getAsessts" time="0.345" classname="CloudAutomation.AssetMicroservices.GetAssets"/>
  <testcase name="getAsessts" time="0.223" classname="CloudAutomation.AssetMicroservices.GetAssets"/>
  <testcase name="getAsessts" time="0.126" classname="CloudAutomation.AssetMicroservices.GetAssets"/>
  <testcase name="getAsessts" time="0.078" classname="CloudAutomation.AssetMicroservices.GetAssets"/>
  <testcase name="getAsessts" time="0.074" classname="CloudAutomation.AssetMicroservices.GetAssets"/>
  <testcase name="getAsessts" time="0.145" classname="CloudAutomation.AssetMicroservices.GetAssets"/>
  <testcase name="getAsessts" time="0.087" classname="CloudAutomation.AssetMicroservices.GetAssets"/>
  <testcase name="getAsessts" time="0.150" classname="CloudAutomation.AssetMicroservices.GetAssets"/>
  <testcase name="getAsessts" time="0.061" classname="CloudAutomation.AssetMicroservices.GetAssets"/>
  <testcase name="getAsessts" time="0.061" classname="CloudAutomation.AssetMicroservices.GetAssets"/>
</testsuite> <!-- CloudAutomation.AssetMicroservices.GetAssets -->
