<?xml version="1.0" encoding="UTF-8"?>
<!-- Generated by org.testng.reporters.JUnitReportReporter -->
<testsuite hostname="PAL-BLR-VINU" name="RestAssuredAutomation.RestAssured.RunData" tests="1" failures="0" timestamp="4 May 2020 04:57:10 GMT" time="9.980" errors="0">
  <testcase name="updateRunState" time="9.980" classname="RestAssuredAutomation.RestAssured.RunData"/>
</testsuite> <!-- RestAssuredAutomation.RestAssured.RunData -->
