<?xml version="1.0" encoding="UTF-8"?>
<!-- Generated by org.testng.reporters.JUnitReportReporter -->
<testsuite skipped="0" hostname="PAL-BLR-VINU" name="CloudAutomation.LogEnabler.GetJobStatus" tests="3" failures="0" timestamp="29 May 2020 05:45:14 GMT" time="8.648" errors="0">
  <testcase name="startDiscoveryForAzure" time="0.098" classname="CloudAutomation.LogEnabler.GetJobStatus"/>
  <testcase name="startDiscoveryForAzure" time="8.454" classname="CloudAutomation.LogEnabler.GetJobStatus"/>
  <testcase name="startDiscoveryForAzure" time="0.096" classname="CloudAutomation.LogEnabler.GetJobStatus"/>
</testsuite> <!-- CloudAutomation.LogEnabler.GetJobStatus -->
