<?xml version="1.0" encoding="UTF-8"?>
<!-- Generated by org.testng.reporters.JUnitReportReporter -->
<testsuite skipped="0" hostname="PAL-BLR-VINU" name="CloudAutomation.LogEnabler.EnableLogs" tests="5" failures="0" timestamp="28 May 2020 11:26:45 GMT" time="8.888" errors="0">
  <testcase name="logEnabler" time="0.121" classname="CloudAutomation.LogEnabler.EnableLogs"/>
  <testcase name="logEnabler" time="0.145" classname="CloudAutomation.LogEnabler.EnableLogs"/>
  <testcase name="logEnabler" time="0.183" classname="CloudAutomation.LogEnabler.EnableLogs"/>
  <testcase name="logEnabler" time="8.342" classname="CloudAutomation.LogEnabler.EnableLogs"/>
  <testcase name="logEnabler" time="0.097" classname="CloudAutomation.LogEnabler.EnableLogs"/>
</testsuite> <!-- CloudAutomation.LogEnabler.EnableLogs -->
