<?xml version="1.0" encoding="UTF-8"?>
<!-- Generated by org.testng.reporters.JUnitReportReporter -->
<testsuite skipped="0" hostname="PAL-BLR-VINU" name="CloudAutomation.AssetMicroservices.TestMethod" tests="1" failures="0" timestamp="20 May 2020 15:21:52 GMT" time="29.714" errors="0">
  <testcase name="enrollCustomer" time="29.714" classname="CloudAutomation.AssetMicroservices.TestMethod"/>
</testsuite> <!-- CloudAutomation.AssetMicroservices.TestMethod -->
