<?xml version="1.0" encoding="UTF-8"?>
<!-- Generated by org.testng.reporters.JUnitReportReporter -->
<testsuite hostname="PAL-BLR-VINU" name="RestAssuredAutomation.RestAssured.PostMethod" tests="1" failures="0" timestamp="28 Apr 2020 04:15:47 GMT" time="8.794" errors="0">
  <testcase name="postMethod" time="8.794" classname="RestAssuredAutomation.RestAssured.PostMethod"/>
</testsuite> <!-- RestAssuredAutomation.RestAssured.PostMethod -->
