<?xml version="1.0" encoding="UTF-8"?>
<!-- Generated by org.testng.reporters.JUnitReportReporter -->
<testsuite skipped="0" hostname="PAL-BLR-VINU" name="CloudAutomation.AgentManager.RegisterAgentForAzure" tests="15" failures="0" timestamp="3 Jun 2020 12:16:01 GMT" time="27.992" errors="0">
  <testcase name="registerAgentAzure" time="2.393" classname="CloudAutomation.AgentManager.RegisterAgentForAzure"/>
  <testcase name="registerAgentAzure" time="0.231" classname="CloudAutomation.AgentManager.RegisterAgentForAzure"/>
  <testcase name="registerAgentAzure" time="0.613" classname="CloudAutomation.AgentManager.RegisterAgentForAzure"/>
  <testcase name="registerAgentAzure" time="0.538" classname="CloudAutomation.AgentManager.RegisterAgentForAzure"/>
  <testcase name="registerAgentAzure" time="0.482" classname="CloudAutomation.AgentManager.RegisterAgentForAzure"/>
  <testcase name="registerAgentAzure" time="0.670" classname="CloudAutomation.AgentManager.RegisterAgentForAzure"/>
  <testcase name="registerAgentAzure" time="0.370" classname="CloudAutomation.AgentManager.RegisterAgentForAzure"/>
  <testcase name="registerAgentAzure" time="7.347" classname="CloudAutomation.AgentManager.RegisterAgentForAzure"/>
  <testcase name="registerAgentAzure" time="0.439" classname="CloudAutomation.AgentManager.RegisterAgentForAzure"/>
  <testcase name="registerAgentAzure" time="0.348" classname="CloudAutomation.AgentManager.RegisterAgentForAzure"/>
  <testcase name="registerAgentAzure" time="0.094" classname="CloudAutomation.AgentManager.RegisterAgentForAzure"/>
  <testcase name="registerAgentAzure" time="0.253" classname="CloudAutomation.AgentManager.RegisterAgentForAzure"/>
  <testcase name="registerAgentAzure" time="0.622" classname="CloudAutomation.AgentManager.RegisterAgentForAzure"/>
  <testcase name="registerAgentAzure" time="2.575" classname="CloudAutomation.AgentManager.RegisterAgentForAzure"/>
  <testcase name="registerAgentAzure" time="11.017" classname="CloudAutomation.AgentManager.RegisterAgentForAzure"/>
</testsuite> <!-- CloudAutomation.AgentManager.RegisterAgentForAzure -->
