<?xml version="1.0" encoding="UTF-8"?>
<!-- Generated by org.testng.reporters.JUnitReportReporter -->
<testsuite skipped="0" hostname="PAL-BLR-VINU" name="CloudAutomation.DiscoveryMicroservices.StartDiscoveryForAzure" tests="7" failures="0" timestamp="26 May 2020 12:36:41 GMT" time="8.555" errors="0">
  <testcase name="startDiscoveryForAzure" time="7.700" classname="CloudAutomation.DiscoveryMicroservices.StartDiscoveryForAzure"/>
  <testcase name="startDiscoveryForAzure" time="0.103" classname="CloudAutomation.DiscoveryMicroservices.StartDiscoveryForAzure"/>
  <testcase name="startDiscoveryForAzure" time="0.141" classname="CloudAutomation.DiscoveryMicroservices.StartDiscoveryForAzure"/>
  <testcase name="startDiscoveryForAzure" time="0.084" classname="CloudAutomation.DiscoveryMicroservices.StartDiscoveryForAzure"/>
  <testcase name="startDiscoveryForAzure" time="0.236" classname="CloudAutomation.DiscoveryMicroservices.StartDiscoveryForAzure"/>
  <testcase name="startDiscoveryForAzure" time="0.139" classname="CloudAutomation.DiscoveryMicroservices.StartDiscoveryForAzure"/>
  <testcase name="startDiscoveryForAzure" time="0.152" classname="CloudAutomation.DiscoveryMicroservices.StartDiscoveryForAzure"/>
</testsuite> <!-- CloudAutomation.DiscoveryMicroservices.StartDiscoveryForAzure -->
