<?xml version="1.0" encoding="UTF-8"?>
<!-- Generated by org.testng.reporters.JUnitReportReporter -->
<testsuite skipped="0" hostname="PAL-BLR-VINU" name="CloudAutomation.LogEnabler.GetJobResult" tests="3" failures="0" timestamp="29 May 2020 05:43:26 GMT" time="9.358" errors="0">
  <testcase name="startDiscoveryForAzure" time="0.090" classname="CloudAutomation.LogEnabler.GetJobResult"/>
  <testcase name="startDiscoveryForAzure" time="0.089" classname="CloudAutomation.LogEnabler.GetJobResult"/>
  <testcase name="startDiscoveryForAzure" time="9.179" classname="CloudAutomation.LogEnabler.GetJobResult"/>
</testsuite> <!-- CloudAutomation.LogEnabler.GetJobResult -->
