<?xml version="1.0" encoding="UTF-8"?>
<!-- Generated by org.testng.reporters.JUnitReportReporter -->
<testsuite hostname="PAL-BLR-VINU" name="RestAssuredAutomation.RestAssured.Demo2" tests="1" failures="0" timestamp="28 Apr 2020 04:02:39 GMT" time="6.495" errors="0">
  <testcase name="getdetails" time="6.495" classname="RestAssuredAutomation.RestAssured.Demo2"/>
</testsuite> <!-- RestAssuredAutomation.RestAssured.Demo2 -->
