<?xml version="1.0" encoding="UTF-8"?>
<!-- Generated by org.testng.reporters.JUnitReportReporter -->
<testsuite skipped="0" hostname="PAL-BLR-VINU" name="CloudAutomation.AssetMicroservices.EnrollCustomer" tests="1" failures="0" timestamp="18 May 2020 08:25:01 GMT" time="6.668" errors="0">
  <testcase name="enrollCustomer" time="6.668" classname="CloudAutomation.AssetMicroservices.EnrollCustomer"/>
</testsuite> <!-- CloudAutomation.AssetMicroservices.EnrollCustomer -->
