<?xml version="1.0" encoding="UTF-8"?>
<!-- Generated by org.testng.reporters.JUnitReportReporter -->
<testsuite skipped="0" hostname="PAL-BLR-VINU" name="CloudAutomation.DiscoveryMicroservices.StartDiscoveryForAws" tests="11" failures="0" timestamp="2 Jun 2020 02:35:54 GMT" time="8.852" errors="0">
  <testcase name="startDiscoveryForAws" time="0.145" classname="CloudAutomation.DiscoveryMicroservices.StartDiscoveryForAws"/>
  <testcase name="startDiscoveryForAws" time="0.074" classname="CloudAutomation.DiscoveryMicroservices.StartDiscoveryForAws"/>
  <testcase name="startDiscoveryForAws" time="0.098" classname="CloudAutomation.DiscoveryMicroservices.StartDiscoveryForAws"/>
  <testcase name="startDiscoveryForAws" time="0.082" classname="CloudAutomation.DiscoveryMicroservices.StartDiscoveryForAws"/>
  <testcase name="startDiscoveryForAws" time="0.083" classname="CloudAutomation.DiscoveryMicroservices.StartDiscoveryForAws"/>
  <testcase name="startDiscoveryForAws" time="7.737" classname="CloudAutomation.DiscoveryMicroservices.StartDiscoveryForAws"/>
  <testcase name="startDiscoveryForAws" time="0.077" classname="CloudAutomation.DiscoveryMicroservices.StartDiscoveryForAws"/>
  <testcase name="startDiscoveryForAws" time="0.083" classname="CloudAutomation.DiscoveryMicroservices.StartDiscoveryForAws"/>
  <testcase name="startDiscoveryForAws" time="0.223" classname="CloudAutomation.DiscoveryMicroservices.StartDiscoveryForAws"/>
  <testcase name="startDiscoveryForAws" time="0.156" classname="CloudAutomation.DiscoveryMicroservices.StartDiscoveryForAws"/>
  <testcase name="startDiscoveryForAws" time="0.094" classname="CloudAutomation.DiscoveryMicroservices.StartDiscoveryForAws"/>
</testsuite> <!-- CloudAutomation.DiscoveryMicroservices.StartDiscoveryForAws -->
