<?xml version="1.0" encoding="UTF-8"?>
<!-- Generated by org.testng.reporters.JUnitReportReporter -->
<testsuite skipped="0" hostname="PAL-BLR-VINU" name="CloudAutomation.DiscoveryMicroservices.PollDiscoveryStatus" tests="3" failures="0" timestamp="27 May 2020 08:42:44 GMT" time="7.492" errors="0">
  <testcase name="startDiscoveryForAzure" time="7.301" classname="CloudAutomation.DiscoveryMicroservices.PollDiscoveryStatus"/>
  <testcase name="startDiscoveryForAzure" time="0.116" classname="CloudAutomation.DiscoveryMicroservices.PollDiscoveryStatus"/>
  <testcase name="startDiscoveryForAzure" time="0.075" classname="CloudAutomation.DiscoveryMicroservices.PollDiscoveryStatus"/>
</testsuite> <!-- CloudAutomation.DiscoveryMicroservices.PollDiscoveryStatus -->
