<?xml version="1.0" encoding="UTF-8"?>
<!-- Generated by org.testng.reporters.JUnitReportReporter -->
<testsuite skipped="0" hostname="PAL-BLR-VINU" name="Practice.EnrollCustomerForAWS" tests="1" failures="0" timestamp="20 May 2020 11:36:25 GMT" time="6.226" errors="0">
  <testcase name="enrollTheCustomerForAws" time="6.226" classname="Practice.EnrollCustomerForAWS"/>
</testsuite> <!-- Practice.EnrollCustomerForAWS -->
