<?xml version="1.0" encoding="UTF-8"?>
<!-- Generated by org.testng.reporters.JUnitReportReporter -->
<testsuite skipped="0" hostname="PAL-BLR-VINU" name="CloudAutomation.AssetMicroservices.GetCustomerSubscriptions" tests="8" failures="0" timestamp="29 May 2020 07:09:46 GMT" time="29.025" errors="0">
  <testcase name="enrollCustomerAzure" time="0.279" classname="CloudAutomation.AssetMicroservices.GetCustomerSubscriptions"/>
  <testcase name="enrollCustomerAzure" time="0.500" classname="CloudAutomation.AssetMicroservices.GetCustomerSubscriptions"/>
  <testcase name="enrollCustomerAzure" time="0.084" classname="CloudAutomation.AssetMicroservices.GetCustomerSubscriptions"/>
  <testcase name="enrollCustomerAzure" time="0.311" classname="CloudAutomation.AssetMicroservices.GetCustomerSubscriptions"/>
  <testcase name="enrollCustomerAzure" time="8.085" classname="CloudAutomation.AssetMicroservices.GetCustomerSubscriptions"/>
  <testcase name="enrollCustomerAzure" time="11.492" classname="CloudAutomation.AssetMicroservices.GetCustomerSubscriptions"/>
  <testcase name="enrollCustomerAzure" time="7.552" classname="CloudAutomation.AssetMicroservices.GetCustomerSubscriptions"/>
  <testcase name="enrollCustomerAzure" time="0.722" classname="CloudAutomation.AssetMicroservices.GetCustomerSubscriptions"/>
</testsuite> <!-- CloudAutomation.AssetMicroservices.GetCustomerSubscriptions -->
