<?xml version="1.0" encoding="UTF-8"?>
<!-- Generated by org.testng.reporters.JUnitReportReporter -->
<testsuite hostname="PAL-BLR-VINU" name="RestAssuredAutomation.RestAssured.UpdateStateStatus" tests="4" failures="0" timestamp="8 May 2020 05:41:34 GMT" time="5.999" errors="0">
  <testcase name="updateRunState" time="0.108" classname="RestAssuredAutomation.RestAssured.UpdateStateStatus"/>
  <testcase name="updateRunState" time="5.681" classname="RestAssuredAutomation.RestAssured.UpdateStateStatus"/>
  <testcase name="updateRunState" time="0.104" classname="RestAssuredAutomation.RestAssured.UpdateStateStatus"/>
  <testcase name="updateRunState" time="0.106" classname="RestAssuredAutomation.RestAssured.UpdateStateStatus"/>
</testsuite> <!-- RestAssuredAutomation.RestAssured.UpdateStateStatus -->
