<?xml version="1.0" encoding="UTF-8"?>
<!-- Generated by org.testng.reporters.JUnitReportReporter -->
<testsuite skipped="1" hostname="PAL-BLR-VINU" name="CloudAutomation.AssetMicroservices.EnrollCustomerForAWS" tests="1" failures="0" timestamp="18 May 2020 07:57:01 GMT" time="0.000" errors="0">
  <testcase name="enrollTheCustomerForAws" time="0.000" classname="CloudAutomation.AssetMicroservices.EnrollCustomerForAWS">
    <skipped/>
  </testcase> <!-- enrollTheCustomerForAws -->
</testsuite> <!-- CloudAutomation.AssetMicroservices.EnrollCustomerForAWS -->
